#
# There is insufficient memory for the Java Runtime Environment to continue.
# Native memory allocation (mmap) failed to map 264241152 bytes. Error detail: G1 virtual space
# Possible reasons:
#   The system is out of physical RAM or swap space
#   This process is running with CompressedOops enabled, and the Java Heap may be blocking the growth of the native heap
# Possible solutions:
#   Reduce memory load on the system
#   Increase physical memory or swap space
#   Check if swap backing store is full
#   Decrease Java heap size (-Xmx/-Xms)
#   Decrease number of Java threads
#   Decrease Java thread stack sizes (-Xss)
#   Set larger code cache with -XX:ReservedCodeCacheSize=
#   JVM is running with Zero Based Compressed Oops mode in which the Java heap is
#     placed in the first 32GB address space. The Java Heap base address is the
#     maximum limit for the native heap growth. Please use -XX:HeapBaseMinAddress
#     to set the Java Heap base and to place the Java Heap above 32GB virtual address.
# This output file may be truncated or incomplete.
#
#  Out of Memory Error (os_windows.cpp:3721), pid=47360, tid=25644
#
# JRE version:  (21.0.6+7) (build )
# Java VM: OpenJDK 64-Bit Server VM (21.0.6+7-LTS, mixed mode, sharing, tiered, compressed oops, compressed class ptrs, g1 gc, windows-amd64)
# No core dump will be written. Minidumps are not enabled by default on client versions of Windows
#

---------------  S U M M A R Y ------------

Command Line: -Dfile.encoding=UTF-8 --add-modules=ALL-DEFAULT jdk.compiler/com.sun.tools.javac.launcher.Main C:\AIT\BackendPro\Group60_FS\ait\reflection\ReflectionAppl.java

Host: 11th Gen Intel(R) Core(TM) i7-1185G7 @ 3.00GHz, 8 cores, 15G,  Windows 11 , 64 bit Build 22621 (10.0.22621.3958)
Time: Thu Jun  5 10:07:27 2025  Windows 11 , 64 bit Build 22621 (10.0.22621.3958) elapsed time: 0.051608 seconds (0d 0h 0m 0s)

---------------  T H R E A D  ---------------

Current thread (0x000002ec73890580):  JavaThread "Unknown thread" [_thread_in_vm, id=25644, stack(0x000000ed76f00000,0x000000ed77000000) (1024K)]

Stack: [0x000000ed76f00000,0x000000ed77000000]
Native frames: (J=compiled Java code, j=interpreted, Vv=VM code, C=native code)
V  [jvm.dll+0x6d4a09]
V  [jvm.dll+0x8af9a1]
V  [jvm.dll+0x8b1ece]
V  [jvm.dll+0x8b25b3]
V  [jvm.dll+0x2804e6]
V  [jvm.dll+0x6d1215]
V  [jvm.dll+0x6c53fa]
V  [jvm.dll+0x35b688]
V  [jvm.dll+0x363306]
V  [jvm.dll+0x3b486e]
V  [jvm.dll+0x3b4b18]
V  [jvm.dll+0x32f6cc]
V  [jvm.dll+0x33022b]
V  [jvm.dll+0x878889]
V  [jvm.dll+0x3c1861]
V  [jvm.dll+0x861a13]
V  [jvm.dll+0x456a3e]
V  [jvm.dll+0x458681]
C  [jli.dll+0x52a0]
C  [ucrtbase.dll+0x29333]
C  [KERNEL32.DLL+0x1257d]
C  [ntdll.dll+0x5af28]


---------------  P R O C E S S  ---------------

Threads class SMR info:
_java_thread_list=0x00007ffe48752108, length=0, elements={
}

Java Threads: ( => current thread )
Total: 0

Other Threads:
  0x000002ec75bf2e90 WorkerThread "GC Thread#0"                     [id=23436, stack(0x000000ed77000000,0x000000ed77100000) (1024K)]
  0x000002ec75c03a30 ConcurrentGCThread "G1 Main Marker"            [id=24764, stack(0x000000ed77100000,0x000000ed77200000) (1024K)]
  0x000002ec75c07ea0 WorkerThread "G1 Conc#0"                       [id=25404, stack(0x000000ed77200000,0x000000ed77300000) (1024K)]

[error occurred during error reporting (printing all threads), id 0xc0000005, EXCEPTION_ACCESS_VIOLATION (0xc0000005) at pc=0x00007ffe47e52037]
VM state: not at safepoint (not fully initialized)

VM Mutex/Monitor currently owned by a thread:  ([mutex/lock_event])
[0x00007ffe487c65f0] Heap_lock - owner thread: 0x000002ec73890580

Heap address: 0x0000000704400000, size: 4028 MB, Compressed Oops mode: Zero based, Oop shift amount: 3

CDS archive(s) mapped at: [0x0000000000000000-0x0000000000000000-0x0000000000000000), size 0, SharedBaseAddress: 0x0000000800000000, ArchiveRelocationMode: 1.
Narrow klass base: 0x0000000000000000, Narrow klass shift: 0, Narrow klass range: 0x0

GC Precious Log:
 CardTable entry size: 512
 Card Set container configuration: InlinePtr #cards 4 size 8 Array Of Cards #cards 16 size 48 Howl #buckets 8 coarsen threshold 3686 Howl Bitmap #cards 512 size 80 coarsen threshold 460 Card regions per heap region 1 cards per card region 4096

Heap:
 garbage-first heap   total 0K, used 0K [0x0000000704400000, 0x0000000800000000)
  region size 2048K, 0 young (0K), 0 survivors (0K)

[error occurred during error reporting (printing heap information), id 0xc0000005, EXCEPTION_ACCESS_VIOLATION (0xc0000005) at pc=0x00007ffe4823eb49]
GC Heap History (0 events):
No events

Dll operation events (1 events):
Event: 0.030 Loaded shared library C:\Program Files\Microsoft\jdk-21.0.6.7-hotspot\bin\java.dll

Deoptimization events (0 events):
No events

Classes loaded (0 events):
No events

Classes unloaded (0 events):
No events

Classes redefined (0 events):
No events

Internal exceptions (0 events):
No events

ZGC Phase Switch (0 events):
No events

VM Operations (0 events):
No events

Memory protections (0 events):
No events

Nmethod flushes (0 events):
No events

Events (0 events):
No events


Dynamic libraries:
0x00007ff7ca100000 - 0x00007ff7ca10e000 	C:\Program Files\Microsoft\jdk-21.0.6.7-hotspot\bin\java.exe
0x00007ffea32d0000 - 0x00007ffea34e7000 	C:\windows\SYSTEM32\ntdll.dll
0x00007ffe685b0000 - 0x00007ffe685cb000 	C:\Program Files\AVG\Antivirus\aswhook.dll
0x00007ffea2330000 - 0x00007ffea23f4000 	C:\windows\System32\KERNEL32.DLL
0x00007ffea0720000 - 0x00007ffea0acd000 	C:\windows\System32\KERNELBASE.dll
0x00007ffea0d70000 - 0x00007ffea0e81000 	C:\windows\System32\ucrtbase.dll
0x00007ffe7f710000 - 0x00007ffe7f728000 	C:\Program Files\Microsoft\jdk-21.0.6.7-hotspot\bin\jli.dll
0x00007ffe84b30000 - 0x00007ffe84b4d000 	C:\Program Files\Microsoft\jdk-21.0.6.7-hotspot\bin\VCRUNTIME140.dll
0x00007ffea2c60000 - 0x00007ffea2e0e000 	C:\windows\System32\USER32.dll
0x00007ffea0bf0000 - 0x00007ffea0c16000 	C:\windows\System32\win32u.dll
0x00007ffea2f80000 - 0x00007ffea2fa9000 	C:\windows\System32\GDI32.dll
0x00007ffe7b6a0000 - 0x00007ffe7b933000 	C:\windows\WinSxS\amd64_microsoft.windows.common-controls_6595b64144ccf1df_6.0.22621.3672_none_2713b9d173822955\COMCTL32.dll
0x00007ffea0ad0000 - 0x00007ffea0be9000 	C:\windows\System32\gdi32full.dll
0x00007ffea24b0000 - 0x00007ffea2557000 	C:\windows\System32\msvcrt.dll
0x00007ffea0c20000 - 0x00007ffea0cba000 	C:\windows\System32\msvcp_win.dll
0x00007ffea2b40000 - 0x00007ffea2b71000 	C:\windows\System32\IMM32.DLL
0x00007ffe964d0000 - 0x00007ffe964dc000 	C:\Program Files\Microsoft\jdk-21.0.6.7-hotspot\bin\vcruntime140_1.dll
0x00007ffe681f0000 - 0x00007ffe6827d000 	C:\Program Files\Microsoft\jdk-21.0.6.7-hotspot\bin\msvcp140.dll
0x00007ffe47b10000 - 0x00007ffe488a8000 	C:\Program Files\Microsoft\jdk-21.0.6.7-hotspot\bin\server\jvm.dll
0x00007ffea3010000 - 0x00007ffea30c2000 	C:\windows\System32\ADVAPI32.dll
0x00007ffea11a0000 - 0x00007ffea1249000 	C:\windows\System32\sechost.dll
0x00007ffea0cc0000 - 0x00007ffea0ce8000 	C:\windows\System32\bcrypt.dll
0x00007ffea1ae0000 - 0x00007ffea1bf4000 	C:\windows\System32\RPCRT4.dll
0x00007ffea1d60000 - 0x00007ffea1dd1000 	C:\windows\System32\WS2_32.dll
0x00007ffe9aa10000 - 0x00007ffe9aa44000 	C:\windows\SYSTEM32\WINMM.dll
0x00007ffe988b0000 - 0x00007ffe988ba000 	C:\windows\SYSTEM32\VERSION.dll
0x00007ffea0410000 - 0x00007ffea045d000 	C:\windows\SYSTEM32\POWRPROF.dll
0x00007ffea03f0000 - 0x00007ffea0403000 	C:\windows\SYSTEM32\UMPDC.dll
0x00007ffe9f600000 - 0x00007ffe9f618000 	C:\windows\SYSTEM32\kernel.appcore.dll
0x00007ffe87890000 - 0x00007ffe8789a000 	C:\Program Files\Microsoft\jdk-21.0.6.7-hotspot\bin\jimage.dll
0x00007ffe9de50000 - 0x00007ffe9e082000 	C:\windows\SYSTEM32\DBGHELP.DLL
0x00007ffea1fa0000 - 0x00007ffea232e000 	C:\windows\System32\combase.dll
0x00007ffea2b80000 - 0x00007ffea2c57000 	C:\windows\System32\OLEAUT32.dll
0x00007ffe93ba0000 - 0x00007ffe93bd2000 	C:\windows\SYSTEM32\dbgcore.DLL
0x00007ffea0cf0000 - 0x00007ffea0d6b000 	C:\windows\System32\bcryptPrimitives.dll
0x00007ffe81900000 - 0x00007ffe81920000 	C:\Program Files\Microsoft\jdk-21.0.6.7-hotspot\bin\java.dll

dbghelp: loaded successfully - version: 4.0.5 - missing functions: none
symbol engine: initialized successfully - sym options: 0x614 - pdb path: .;C:\Program Files\Microsoft\jdk-21.0.6.7-hotspot\bin;C:\windows\SYSTEM32;C:\Program Files\AVG\Antivirus;C:\windows\WinSxS\amd64_microsoft.windows.common-controls_6595b64144ccf1df_6.0.22621.3672_none_2713b9d173822955;C:\Program Files\Microsoft\jdk-21.0.6.7-hotspot\bin\server

VM Arguments:
jvm_args: -Dfile.encoding=UTF-8 --add-modules=ALL-DEFAULT 
java_command: jdk.compiler/com.sun.tools.javac.launcher.Main C:\AIT\BackendPro\Group60_FS\ait\reflection\ReflectionAppl.java
java_class_path (initial): .
Launcher Type: SUN_STANDARD

[Global flags]
     intx CICompilerCount                          = 4                                         {product} {ergonomic}
     uint ConcGCThreads                            = 2                                         {product} {ergonomic}
     uint G1ConcRefinementThreads                  = 8                                         {product} {ergonomic}
   size_t G1HeapRegionSize                         = 2097152                                   {product} {ergonomic}
    uintx GCDrainStackTargetSize                   = 64                                        {product} {ergonomic}
   size_t InitialHeapSize                          = 264241152                                 {product} {ergonomic}
   size_t MarkStackSize                            = 4194304                                   {product} {ergonomic}
   size_t MaxHeapSize                              = 4223664128                                {product} {ergonomic}
   size_t MinHeapDeltaBytes                        = 2097152                                   {product} {ergonomic}
   size_t MinHeapSize                              = 8388608                                   {product} {ergonomic}
    uintx NonNMethodCodeHeapSize                   = 5839372                                {pd product} {ergonomic}
    uintx NonProfiledCodeHeapSize                  = 122909434                              {pd product} {ergonomic}
    uintx ProfiledCodeHeapSize                     = 122909434                              {pd product} {ergonomic}
    uintx ReservedCodeCacheSize                    = 251658240                              {pd product} {ergonomic}
     bool SegmentedCodeCache                       = true                                      {product} {ergonomic}
   size_t SoftMaxHeapSize                          = 4223664128                             {manageable} {ergonomic}
     bool UseCompressedOops                        = true                           {product lp64_product} {ergonomic}
     bool UseG1GC                                  = true                                      {product} {ergonomic}
     bool UseLargePagesIndividualAllocation        = false                                  {pd product} {ergonomic}

Logging:
Log output configuration:
 #0: stdout all=warning uptime,level,tags foldmultilines=false
 #1: stderr all=off uptime,level,tags foldmultilines=false

Environment Variables:
PATH=C:\Program Files\Microsoft\jdk-21.0.6.7-hotspot\bin;C:\Python313\Scripts\;C:\Python313\;C:\windows\system32;C:\windows;C:\windows\System32\Wbem;C:\windows\System32\WindowsPowerShell\v1.0\;C:\windows\System32\OpenSSH\;C:\Program Files\dotnet\;C:\Program Files\nodejs\;C:\ProgramData\chocolatey\bin;C:\Program Files\Git\cmd;C:\Users\DELL\AppData\Local\Microsoft\WindowsApps;C:\Users\DELL\AppData\Local\Programs\Microsoft VS Code\bin;C:\Users\DELL\AppData\Roaming\npm
USERNAME=DELL
OS=Windows_NT
PROCESSOR_IDENTIFIER=Intel64 Family 6 Model 140 Stepping 1, GenuineIntel
TMP=C:\Users\DELL\AppData\Local\Temp
TEMP=C:\Users\DELL\AppData\Local\Temp




Periodic native trim disabled

---------------  S Y S T E M  ---------------

OS:
 Windows 11 , 64 bit Build 22621 (10.0.22621.3958)
OS uptime: 7 days 23:03 hours
Hyper-V role detected

CPU: total 8 (initial active 8) (4 cores per cpu, 2 threads per core) family 6 model 140 stepping 1 microcode 0xba, cx8, cmov, fxsr, ht, mmx, 3dnowpref, sse, sse2, sse3, ssse3, sse4.1, sse4.2, popcnt, lzcnt, tsc, tscinvbit, avx, avx2, aes, erms, clmul, bmi1, bmi2, adx, avx512f, avx512dq, avx512cd, avx512bw, avx512vl, sha, fma, vzeroupper, avx512_vpopcntdq, avx512_vpclmulqdq, avx512_vaes, avx512_vnni, clflush, clflushopt, clwb, avx512_vbmi2, avx512_vbmi, hv, rdtscp, rdpid, fsrm, gfni, avx512_bitalg, f16c, cet_ibt, cet_ss, avx512_ifma
Processor Information for the first 8 processors :
  Max Mhz: 1805, Current Mhz: 1805, Mhz Limit: 1805

Memory: 4k page, system-wide physical 16110M (398M free)
TotalPageFile size 65178M (AvailPageFile size 160M)
current process WorkingSet (physical memory assigned to process): 11M, peak: 11M
current process commit charge ("private bytes"): 60M, peak: 312M

vm_info: OpenJDK 64-Bit Server VM (21.0.6+7-LTS) for windows-amd64 JRE (21.0.6+7-LTS), built on 2025-01-08T23:03:52Z by "MicrosoftCorporation" with unknown MS VC++:1939

END.
